
--------------------------------------------------
TXLib предупреждает:

Программа: C:\Github\ImmortalStack\Stack.exe,

ВНЕЗАПНО: Нарушение доступа к памяти.

#1: Исключение EXCEPTION_ACCESS_VIOLATION (0xC0000005) при выполнении кода по адресу 0x0042CD18 в функции Stack_Print() в файле C:/Github/ImmortalStack/Stack.cpp на строке 84. Попытка прочесть данные по адресу 0x0108F000 в модуле C:\Github\ImmortalStack\Stack.exe. Спасибо _txVectoredExceptionHandler(), что сообщил. Люблю его <3

#1: TXLib [Ver: 00173a, Rev: 171, Date: 2021-07-19 01:45:49 +0400], Instance: 0x005062FC (32-bit), Flags: Cmdre0, Thread: 0x5C0C (Main). 

--------------------------------------------------
Стек вызовов:

# 0 0x0042CD18 in C:\Github\ImmortalStack\Stack.exe: Stack_Print() at C:/Github/ImmortalStack/Stack.cpp (84):

     82:     for (int i = 0; i < (stack -> size); i++)
     83:     {
=>   84:         printf ("%d\n", stack -> data[i]);
     85:     }
     86: }

# 1 0x0042CB88 in C:\Github\ImmortalStack\Stack.exe: main() at C:/Github/ImmortalStack/Stack.cpp (35):

     33:         StackPop (&st);
     34:     }
=>   35:     Stack_Print (&st);
     36:     printf("%d", CAPACITY);
     37: }

--------------------------------------------------
Developed with:

The Dumb Artist Library (TX Library)
TXLib [Ver: 00173a, Rev: 171, Date: 2021-07-19 01:45:49 +0400]
Copyright (C) Ded (Ilya Dedinsky, http://txlib.ru) <mail@txlib.ru>
See license on: http://txlib.ru

TXLib file:	c:\codeblocks\codeblocks\mingw\include\txlib.h
Compiled:	Sep 23 2021 18:12:49, GNU g++ 4.8.1, std=201103L, MinGW Runtime 3.20, 32-bit, DEBUG
Started:	Sep 23 2021 18:12:53

Run file:	C:\Github\ImmortalStack\Stack.exe
Directory:	C:\Github\ImmortalStack

--------------------------------------------------

--------------------------------------------------
TXLib соболезнует...

Программа: C:\Github\ImmortalStack\Stack.exe,

ВНЕЗАПНО: signal (11, 0x00): SIGSEGV: Доступ по неверному указателю. Ставьте ассерты! 

Нарушение доступа к памяти.

#1: Исключение EXCEPTION_ACCESS_VIOLATION (0xC0000005) при выполнении кода по адресу 0x0042CD18 в функции Stack_Print() в файле C:/Github/ImmortalStack/Stack.cpp на строке 84. Попытка прочесть данные по адресу 0x0108F000 в модуле C:\Github\ImmortalStack\Stack.exe. Спасибо _txVectoredExceptionHandler(), что сообщил. Люблю его <3

С помощью функции signal() вы можете сами обработать эту ошибку.

#2: TXLib [Ver: 00173a, Rev: 171, Date: 2021-07-19 01:45:49 +0400], Instance: 0x005062FC (32-bit), Flags: Cmdre0, Thread: 0x5C0C (Main). 

--------------------------------------------------
Стек вызовов:

# 0 0x0042CD18 in C:\Github\ImmortalStack\Stack.exe: Stack_Print() at C:/Github/ImmortalStack/Stack.cpp (84):

     82:     for (int i = 0; i < (stack -> size); i++)
     83:     {
=>   84:         printf ("%d\n", stack -> data[i]);
     85:     }
     86: }

# 1 0x0042CB88 in C:\Github\ImmortalStack\Stack.exe: main() at C:/Github/ImmortalStack/Stack.cpp (35):

     33:         StackPop (&st);
     34:     }
=>   35:     Stack_Print (&st);
     36:     printf("%d", CAPACITY);
     37: }

--------------------------------------------------
Developed with:

The Dumb Artist Library (TX Library)
TXLib [Ver: 00173a, Rev: 171, Date: 2021-07-19 01:45:49 +0400]
Copyright (C) Ded (Ilya Dedinsky, http://txlib.ru) <mail@txlib.ru>
See license on: http://txlib.ru

TXLib file:	c:\codeblocks\codeblocks\mingw\include\txlib.h
Compiled:	Sep 23 2021 18:12:49, GNU g++ 4.8.1, std=201103L, MinGW Runtime 3.20, 32-bit, DEBUG
Started:	Sep 23 2021 18:12:53

Run file:	C:\Github\ImmortalStack\Stack.exe
Directory:	C:\Github\ImmortalStack

--------------------------------------------------
